\BOOKMARK [0][-]{chapter*.2}{\376\377\000P\000r\000e\000f\000a\000c\000e}{}% 1
\BOOKMARK [1][-]{section*.3}{\376\377\000P\000a\000r\000t\000\040\000I}{chapter*.2}% 2
\BOOKMARK [1][-]{Item.3}{\376\377\000P\000a\000r\000t\000\040\000I\000I}{chapter*.2}% 3
\BOOKMARK [1][-]{Item.7}{\376\377\000P\000a\000r\000t\000\040\000I\000I\000I}{chapter*.2}% 4
\BOOKMARK [1][-]{Item.10}{\376\377\000D\000o\000w\000n\000l\000o\000a\000d\000\040\000R\000\040\000a\000n\000d\000\040\000R\000S\000t\000u\000d\000i\000o}{chapter*.2}% 5
\BOOKMARK [0][-]{chapter*.4}{\376\377\000C\000h\000a\000p\000t\000e\000r\000\040\0001\000:\000\040\000T\000h\000e\000\040\000B\000a\000s\000i\000c\000s}{}% 6
\BOOKMARK [1][-]{section*.5}{\376\377\000O\000b\000j\000e\000c\000t\000s\000,\000\040\000D\000a\000t\000a\000\040\000T\000y\000p\000e\000s\000\040\000a\000n\000d\000\040\000F\000u\000n\000c\000t\000i\000o\000n\000s}{chapter*.4}% 7
\BOOKMARK [1][-]{section*.5}{\376\377\000I\000m\000p\000o\000r\000t\000i\000n\000g\000\040\000D\000a\000t\000a}{chapter*.4}% 8
\BOOKMARK [1][-]{Item.12}{\376\377\000S\000a\000v\000i\000n\000g\000\040\000D\000a\000t\000a}{chapter*.4}% 9
\BOOKMARK [1][-]{Item.12}{\376\377\000C\000o\000n\000c\000l\000u\000s\000i\000o\000n\000s}{chapter*.4}% 10
\BOOKMARK [0][-]{chapter*.6}{\376\377\000C\000h\000a\000p\000t\000e\000r\000\040\0002\000:\000\040\000M\000a\000n\000i\000p\000u\000l\000a\000t\000i\000n\000g\000\040\000Y\000o\000u\000r\000\040\000D\000a\000t\000a}{}% 11
\BOOKMARK [1][-]{section*.7}{\376\377\000T\000i\000d\000y\000\040\000M\000e\000t\000h\000o\000d\000s}{chapter*.6}% 12
\BOOKMARK [1][-]{Item.23}{\376\377\000P\000i\000p\000i\000n\000g}{chapter*.6}% 13
\BOOKMARK [1][-]{Item.23}{\376\377\000S\000e\000l\000e\000c\000t\000\040\000a\000n\000d\000\040\000F\000i\000l\000t\000e\000r}{chapter*.6}% 14
\BOOKMARK [1][-]{Item.23}{\376\377\000G\000r\000o\000u\000p\000i\000n\000g\000\040\000a\000n\000d\000\040\000S\000u\000m\000m\000a\000r\000i\000z\000i\000n\000g}{chapter*.6}% 15
\BOOKMARK [1][-]{Item.26}{\376\377\000R\000e\000s\000h\000a\000p\000i\000n\000g}{chapter*.6}% 16
\BOOKMARK [1][-]{Item.28}{\376\377\000J\000o\000i\000n\000i\000n\000g\000\040\000\050\000m\000e\000r\000g\000i\000n\000g\000\051}{chapter*.6}% 17
\BOOKMARK [0][-]{chapter*.8}{\376\377\000C\000h\000a\000p\000t\000e\000r\000\040\0003\000:\000\040\000U\000n\000d\000e\000r\000s\000t\000a\000n\000d\000i\000n\000g\000\040\000a\000n\000d\000\040\000D\000e\000s\000c\000r\000i\000b\000i\000n\000g\000\040\000Y\000o\000u\000r\000\040\000D\000a\000t\000a}{}% 18
\BOOKMARK [1][-]{Item.30}{\376\377\000D\000e\000s\000c\000r\000i\000p\000t\000i\000v\000e\000\040\000S\000t\000a\000t\000i\000s\000t\000i\000c\000s}{chapter*.8}% 19
\BOOKMARK [1][-]{Item.30}{\376\377\000V\000i\000s\000u\000a\000l\000i\000z\000a\000t\000i\000o\000n\000s}{chapter*.8}% 20
\BOOKMARK [0][-]{chapter*.9}{\376\377\000C\000h\000a\000p\000t\000e\000r\000\040\0004\000:\000\040\000B\000a\000s\000i\000c\000\040\000A\000n\000a\000l\000y\000s\000e\000s}{}% 21
\BOOKMARK [1][-]{section*.10}{\376\377\000A\000N\000O\000V\000A}{chapter*.9}% 22
\BOOKMARK [1][-]{section*.10}{\376\377\000A\000s\000s\000u\000m\000p\000t\000i\000o\000n\000s}{chapter*.9}% 23
\BOOKMARK [1][-]{section*.10}{\376\377\000L\000i\000n\000e\000a\000r\000\040\000M\000o\000d\000e\000l\000i\000n\000g}{chapter*.9}% 24
\BOOKMARK [1][-]{section*.10}{\376\377\000A\000s\000s\000u\000m\000p\000t\000i\000o\000n\000s}{chapter*.9}% 25
\BOOKMARK [1][-]{Item.33}{\376\377\000C\000o\000m\000p\000a\000r\000i\000n\000g\000\040\000M\000o\000d\000e\000l\000s}{chapter*.9}% 26
\BOOKMARK [1][-]{Item.35}{\376\377\000W\000h\000e\000n\000\040\000A\000s\000s\000u\000m\000p\000t\000i\000o\000n\000s\000\040\000F\000a\000i\000l}{chapter*.9}% 27
\BOOKMARK [1][-]{Item.35}{\376\377\000I\000n\000t\000e\000r\000a\000c\000t\000i\000o\000n\000s}{chapter*.9}% 28
\BOOKMARK [0][-]{chapter*.11}{\376\377\000C\000h\000a\000p\000t\000e\000r\000\040\0005\000:\000\040\000G\000e\000n\000e\000r\000a\000l\000i\000z\000e\000d\000\040\000L\000i\000n\000e\000a\000r\000\040\000M\000o\000d\000e\000l\000s}{}% 29
\BOOKMARK [1][-]{Item.40}{\376\377\000L\000o\000g\000i\000s\000t\000i\000c\000\040\000R\000e\000g\000r\000e\000s\000s\000i\000o\000n}{chapter*.11}% 30
\BOOKMARK [1][-]{Item.43}{\376\377\000P\000o\000i\000s\000s\000o\000n\000\040\000R\000e\000g\000r\000e\000s\000s\000i\000o\000n}{chapter*.11}% 31
\BOOKMARK [1][-]{Item.43}{\376\377\000B\000e\000t\000a\000\040\000R\000e\000g\000r\000e\000s\000s\000i\000o\000n}{chapter*.11}% 32
\BOOKMARK [1][-]{Item.43}{\376\377\000C\000o\000n\000c\000l\000u\000s\000i\000o\000n\000s}{chapter*.11}% 33
\BOOKMARK [0][-]{chapter*.12}{\376\377\000C\000h\000a\000p\000t\000e\000r\000\040\0006\000:\000\040\000M\000u\000l\000t\000i\000l\000e\000v\000e\000l\000\040\000M\000o\000d\000e\000l\000i\000n\000g}{}% 34
\BOOKMARK [1][-]{Item.45}{\376\377\000G\000E\000E}{chapter*.12}% 35
\BOOKMARK [1][-]{Item.45}{\376\377\000M\000i\000x\000e\000d\000\040\000E\000f\000f\000e\000c\000t\000s}{chapter*.12}% 36
\BOOKMARK [1][-]{Item.45}{\376\377\000C\000o\000n\000c\000l\000u\000s\000i\000o\000n\000s}{chapter*.12}% 37
\BOOKMARK [0][-]{chapter*.13}{\376\377\000C\000h\000a\000p\000t\000e\000r\000\040\0007\000:\000\040\000O\000t\000h\000e\000r\000\040\000M\000o\000d\000e\000l\000i\000n\000g\000\040\000T\000e\000c\000h\000n\000i\000q\000u\000e\000s}{}% 38
\BOOKMARK [1][-]{section*.14}{\376\377\000M\000e\000d\000i\000a\000t\000i\000o\000n\000\040\000M\000o\000d\000e\000l\000i\000n\000g}{chapter*.13}% 39
\BOOKMARK [1][-]{section*.14}{\376\377\000S\000t\000r\000u\000c\000t\000u\000r\000a\000l\000\040\000E\000q\000u\000a\000t\000i\000o\000n\000\040\000M\000o\000d\000e\000l\000i\000n\000g}{chapter*.13}% 40
\BOOKMARK [1][-]{section*.14}{\376\377\000M\000a\000c\000h\000i\000n\000e\000\040\000L\000e\000a\000r\000n\000i\000n\000g\000\040\000T\000e\000c\000h\000n\000i\000q\000u\000e\000s}{chapter*.13}% 41
\BOOKMARK [1][-]{Item.47}{\376\377\000C\000o\000n\000c\000l\000u\000s\000i\000o\000n\000s}{chapter*.13}% 42
\BOOKMARK [0][-]{chapter*.15}{\376\377\000C\000h\000a\000p\000t\000e\000r\000\040\0008\000:\000\040\000A\000d\000v\000a\000n\000c\000e\000d\000\040\000D\000a\000t\000a\000\040\000M\000a\000n\000i\000p\000u\000l\000a\000t\000i\000o\000n}{}% 43
\BOOKMARK [1][-]{Item.52}{\376\377\000R\000e\000s\000h\000a\000p\000i\000n\000g\000\040\000Y\000o\000u\000r\000\040\000D\000a\000t\000a}{chapter*.15}% 44
